starting server
Serving static files from C:\Users\Emmanuel Chibalaka\Documents\FilmHub\Frontend
Server running on port 5100
Connected to MySQL database
starting server
Serving static files from C:\Users\Emmanuel Chibalaka\Documents\FilmHub\Frontend
Server running on port 5100
Connected to MySQL database
starting server
Serving static files from C:\Users\Emmanuel Chibalaka\Documents\FilmHub\Frontend
Server running on port 5100
Connected to MySQL database
starting server
Serving static files from C:\Users\Emmanuel Chibalaka\Documents\FilmHub\Frontend
Server running on port 5100
Connected to MySQL database
starting server
Serving static files from C:\Users\Emmanuel Chibalaka\Documents\FilmHub\Frontend
Server running on port 5100
Connected to MySQL database
starting server
Serving static files from C:\Users\Emmanuel Chibalaka\Documents\FilmHub\Frontend
Server running on port 5100
Connected to MySQL database
starting server
Serving static files from C:\Users\Emmanuel Chibalaka\Documents\FilmHub\Frontend
Server running on port 5100
Connected to MySQL database
starting server
Serving static files from C:\Users\Emmanuel Chibalaka\Documents\FilmHub\Frontend
Server running on port 5100
Connected to MySQL database
starting server
Serving static files from C:\Users\Emmanuel Chibalaka\Documents\FilmHub\Frontend
Server running on port 5100
Connected to MySQL database
starting server
Serving static files from C:\Users\Emmanuel Chibalaka\Documents\FilmHub\Frontend
Server running on port 5100
Connected to MySQL database
Error: ENOENT: no such file or directory, open 'C:\Users\Emmanuel Chibalaka\Documents\FilmHub\backend\uploads\thumbnails\1773084322235-phone3.jfif'
Error: ENOENT: no such file or directory, open 'C:\Users\Emmanuel Chibalaka\Documents\FilmHub\backend\uploads\thumbnails\1773084322236-phone3.jfif'
Error: ENOENT: no such file or directory, open 'C:\Users\Emmanuel Chibalaka\Documents\FilmHub\backend\uploads\thumbnails\1773084322238-phone3.jfif'
Error: ENOENT: no such file or directory, open 'C:\Users\Emmanuel Chibalaka\Documents\FilmHub\backend\uploads\thumbnails\1773084322170-phone3.jfif'
Error: ENOENT: no such file or directory, open 'C:\Users\Emmanuel Chibalaka\Documents\FilmHub\backend\uploads\thumbnails\1773084323535-phone3.jfif'
Error: ENOENT: no such file or directory, open 'C:\Users\Emmanuel Chibalaka\Documents\FilmHub\backend\uploads\thumbnails\1773084342853-phone3.jfif'
Error: ENOENT: no such file or directory, open 'C:\Users\Emmanuel Chibalaka\Documents\FilmHub\backend\uploads\thumbnails\1773084365972-phone3.jfif'
starting server
Serving static files from C:\Users\Emmanuel Chibalaka\Documents\FilmHub\Frontend
Server running on port 5100
Connected to MySQL database
starting server
Serving static files from C:\Users\Emmanuel Chibalaka\Documents\FilmHub\Frontend
Server running on port 5100
Connected to MySQL database
starting server
Serving static files from C:\Users\Emmanuel Chibalaka\Documents\FilmHub\Frontend
Server running on port 5100
Connected to MySQL database
Error: ENOENT: no such file or directory, open 'C:\Users\Emmanuel Chibalaka\Documents\FilmHub\backend\uploads\thumbnails\1773121413012-house4.jfif'
Error: ENOENT: no such file or directory, open 'C:\Users\Emmanuel Chibalaka\Documents\FilmHub\backend\uploads\thumbnails\1773121413548-house4.jfif'
Error: ENOENT: no such file or directory, open 'C:\Users\Emmanuel Chibalaka\Documents\FilmHub\backend\uploads\thumbnails\1773121413550-house4.jfif'
Error: ENOENT: no such file or directory, open 'C:\Users\Emmanuel Chibalaka\Documents\FilmHub\backend\uploads\thumbnails\1773121413550-house4.jfif'
Error: ENOENT: no such file or directory, open 'C:\Users\Emmanuel Chibalaka\Documents\FilmHub\backend\uploads\thumbnails\1773121427172-house4.jfif'
Error: ENOENT: no such file or directory, open 'C:\Users\Emmanuel Chibalaka\Documents\FilmHub\backend\uploads\thumbnails\1773121427169-house4.jfif'
starting server
Serving static files from C:\Users\Emmanuel Chibalaka\Documents\FilmHub\Frontend
Server running on port 5100
Connected to MySQL database
Error: ENOENT: no such file or directory, open 'C:\Users\Emmanuel Chibalaka\Documents\FilmHub\backend\uploads\thumbnails\1773121632703-car2.jfif'
Error: ENOENT: no such file or directory, open 'C:\Users\Emmanuel Chibalaka\Documents\FilmHub\backend\uploads\thumbnails\1773121647811-car2.jfif'
Error: ENOENT: no such file or directory, open 'C:\Users\Emmanuel Chibalaka\Documents\FilmHub\backend\uploads\thumbnails\1773122344436-car2.jfif'
Error: ENOENT: no such file or directory, open 'C:\Users\Emmanuel Chibalaka\Documents\FilmHub\backend\uploads\thumbnails\1773122530204-house2.jpg'
starting server
Serving static files from C:\Users\Emmanuel Chibalaka\Documents\FilmHub\Frontend
Server running on port 5100
Connected to MySQL database
Error: ENOENT: no such file or directory, open 'C:\Users\Emmanuel Chibalaka\Documents\FilmHub\backend\uploads\thumbnails\1773124996318-house1.jpg'
starting server
Serving static files from C:\Users\Emmanuel Chibalaka\Documents\FilmHub\Frontend
Server running on port 5100
Connected to MySQL database
starting server
Serving static files from C:\Users\Emmanuel Chibalaka\Documents\FilmHub\Frontend
Server running on port 5100
Connected to MySQL database
Error: ENOENT: no such file or directory, open 'C:\Users\Emmanuel Chibalaka\Documents\FilmHub\backend\uploads\thumbnails\1773131477658-house2.jpg'
starting server
Serving static files from C:\Users\Emmanuel Chibalaka\Documents\FilmHub\Frontend
Server running on port 5100
Connected to MySQL database
Error: ENOENT: no such file or directory, open 'C:\Users\Emmanuel Chibalaka\Documents\FilmHub\backend\uploads\thumbnails\1773131743843-house2.jpg'
starting server
Serving static files from C:\Users\Emmanuel Chibalaka\Documents\FilmHub\Frontend
Server running on port 5100
Connected to MySQL database
Error: ENOENT: no such file or directory, open 'C:\Users\Emmanuel Chibalaka\Documents\FilmHub\backend\uploads\thumbnails\1773132017697-house2.jpg'
starting server
Serving static files from C:\Users\Emmanuel Chibalaka\Documents\FilmHub\Frontend
Server running on port 5100
Connected to MySQL database
Error: ENOENT: no such file or directory, open 'C:\Users\Emmanuel Chibalaka\Documents\FilmHub\backend\uploads\thumbnails\1773167292453-house2.jpg'
starting server
Serving static files from C:\Users\Emmanuel Chibalaka\Documents\FilmHub\Frontend
Server running on port 5100
Connected to MySQL database
starting server
Serving static files from C:\Users\Emmanuel Chibalaka\Documents\FilmHub\Frontend
Server running on port 5100
Connected to MySQL database
starting server
Serving static files from C:\Users\Emmanuel Chibalaka\Documents\FilmHub\Frontend
Server running on port 5100
Connected to MySQL database
starting server
Serving static files from C:\Users\Emmanuel Chibalaka\Documents\FilmHub\Frontend
Server running on port 5100
Connected to MySQL database
starting server
Serving static files from C:\Users\Emmanuel Chibalaka\Documents\FilmHub\Frontend
Server running on port 5100
Connected to MySQL database
starting server
Serving static files from C:\Users\Emmanuel Chibalaka\Documents\FilmHub\Frontend
Server running on port 5100
Connected to MySQL database
starting server
Serving static files from C:\Users\Emmanuel Chibalaka\Documents\FilmHub\Frontend
Server running on port 5100
Connected to MySQL database
starting server
Serving static files from C:\Users\Emmanuel Chibalaka\Documents\FilmHub\Frontend
Server running on port 5100
Connected to MySQL database
starting server
Serving static files from C:\Users\Emmanuel Chibalaka\Documents\FilmHub\Frontend
Server running on port 5100
Connected to MySQL database
starting server
Serving static files from C:\Users\Emmanuel Chibalaka\Documents\FilmHub\Frontend
Server running on port 5100
Connected to MySQL database
starting server
Serving static files from C:\Users\Emmanuel Chibalaka\Documents\FilmHub\Frontend
Server running on port 5100
Connected to MySQL database
starting server
Serving static files from C:\Users\Emmanuel Chibalaka\Documents\FilmHub\Frontend
Server running on port 5100
Connected to MySQL database
starting server
Serving static files from C:\Users\Emmanuel Chibalaka\Documents\FilmHub\Frontend
Server running on port 5100
Connected to MySQL database
starting server
Serving static files from C:\Users\Emmanuel Chibalaka\Documents\FilmHub\Frontend
Server running on port 5100
Connected to MySQL database
starting server
Serving static files from C:\Users\Emmanuel Chibalaka\Documents\FilmHub\Frontend
Server running on port 5100
Connected to MySQL database
starting server
Serving static files from C:\Users\Emmanuel Chibalaka\Documents\FilmHub\Frontend
Server running on port 5100
Connected to MySQL database
starting server
Serving static files from C:\Users\Emmanuel Chibalaka\Documents\FilmHub\Frontend
Server running on port 5100
Connected to MySQL database
starting server
Serving static files from C:\Users\Emmanuel Chibalaka\Documents\FilmHub\Frontend
Server running on port 5100
Connected to MySQL database
starting server
Serving static files from C:\Users\Emmanuel Chibalaka\Documents\FilmHub\Frontend
Server running on port 5100
Connected to MySQL database
starting server
Serving static files from C:\Users\Emmanuel Chibalaka\Documents\FilmHub\Frontend
Server running on port 5100
Connected to MySQL database
starting server
Serving static files from C:\Users\Emmanuel Chibalaka\Documents\FilmHub\Frontend
Server running on port 5100
Connected to MySQL database
starting server
Serving static files from C:\Users\Emmanuel Chibalaka\Documents\FilmHub\Frontend
Server running on port 5100
Connected to MySQL database
starting server
Serving static files from C:\Users\Emmanuel Chibalaka\Documents\FilmHub\Frontend
Server running on port 5100
Connected to MySQL database
Suspension tables ready
starting server
Serving static files from C:\Users\Emmanuel Chibalaka\Documents\FilmHub\Frontend
Server running on port 5100
Failed to ensure suspension tables: AggregateError
starting server
Serving static files from C:\Users\Emmanuel Chibalaka\Documents\FilmHub\Frontend
Server running on port 5100
Failed to ensure suspension tables: AggregateError
starting server
Serving static files from C:\Users\Emmanuel Chibalaka\Documents\FilmHub\Frontend
Server running on port 5100
Failed to ensure suspension tables: AggregateError
starting server
Serving static files from C:\Users\Emmanuel Chibalaka\Documents\FilmHub\Frontend
Server running on port 5100
Failed to ensure suspension tables: AggregateError
starting server
Serving static files from C:\Users\Emmanuel Chibalaka\Documents\FilmHub\Frontend
Server running on port 5100
Failed to ensure suspension tables: Unknown database 'filmhub'
starting server
Serving static files from C:\Users\Emmanuel Chibalaka\Documents\FilmHub\Frontend
Server running on port 5100
Connected to MySQL database
Suspension tables ready
starting server
Serving static files from C:\Users\Emmanuel Chibalaka\Documents\FilmHub\Frontend
Server running on port 5100
Failed to ensure suspension tables: connect ETIMEDOUT
starting server
Serving static files from C:\Users\Emmanuel Chibalaka\Documents\FilmHub\Frontend
Server running on port 5100
Connected to MySQL database
Suspension tables ready
starting server
Serving static files from C:\Users\Emmanuel Chibalaka\Documents\FilmHub\Frontend
Server running on port 5100
Connected to MySQL database
Suspension tables ready
starting server
Serving static files from C:\Users\Emmanuel Chibalaka\Documents\FilmHub\Frontend
Server running on port 5100
Connected to MySQL database
Suspension tables ready
starting server
Serving static files from C:\Users\Emmanuel Chibalaka\Documents\FilmHub\Frontend
Server running on port 5100
Connected to MySQL database
Suspension tables ready
